Started: 11-May-2017 14:41
Started: 11-May-2017 14:41
1	1	0	1	0	0	0	0	0.000	0.000	0.000	0.111	0.000	0.000	1.500	0.000
2	1	2	2	0	0	0	0	0.000	0.000	0.000	0.000	0.000	0.000	0.875	1.500
3	1	0	0	0	0	197	0	0.493	0.000	0.000	2.685	0.000	0.000	1.500	2.375
4	1	2	2	0	0	0	0	0.000	0.000	0.000	0.000	0.000	0.000	0.500	3.875
5	1	0	0	0	0	197	0	0.428	0.000	0.000	4.723	0.000	0.000	1.500	4.375
6	1	2	2	0	0	0	0	0.000	0.000	0.000	0.000	0.000	0.000	2.125	5.875
7	1	0	0	0	0	197	0	0.318	0.000	0.000	6.695	0.000	0.000	1.500	8.000
8	1	2	2	0	0	0	0	0.000	0.000	0.000	0.000	0.000	0.000	1.375	9.500
9	1	0	1	0	0	198	0	0.576	0.000	0.000	8.567	0.000	0.000	1.500	10.875
10	1	2	2	0	0	0	0	0.000	0.000	0.000	0.000	0.000	0.000	1.125	12.375
11	1	1	0	2	450	197	0	0.413	0.000	0.000	10.689	0.000	0.000	1.500	13.500
12	1	2	2	0	0	0	0	0.000	0.000	0.000	0.000	0.000	0.000	0.750	15.000
13	1	1	1	1	350	198	0	0.416	0.000	0.000	12.661	0.000	0.354	1.500	15.750
14	1	2	2	0	0	0	0	0.000	0.000	0.000	0.000	0.000	0.000	0.625	17.250
15	1	0	1	0	0	197	0	0.578	0.000	0.000	14.633	0.000	0.000	1.500	17.875
16	1	2	2	0	0	0	0	0.000	0.000	0.000	0.000	0.000	0.000	1.125	19.375
17	1	0	0	0	0	197	0	0.527	0.000	0.000	16.755	0.000	0.000	1.500	20.500
18	1	2	2	0	0	0	0	0.000	0.000	0.000	0.000	0.000	0.000	1.500	22.000
19	1	0	1	0	0	198	0	0.487	0.000	0.000	18.828	0.000	0.000	1.500	23.500
20	1	2	2	0	0	0	0	0.000	0.000	0.000	0.000	0.000	0.000	1.500	25.000
21	1	0	0	0	0	197	0	0.420	0.000	0.000	20.866	0.000	0.000	1.500	26.500
22	1	2	2	0	0	0	0	0.000	0.000	0.000	0.000	0.000	0.000	1.625	28.000
23	1	0	0	0	0	197	0	0.386	0.000	0.000	22.838	0.000	0.000	1.500	29.625
24	1	2	2	0	0	0	0	0.000	0.000	0.000	0.000	0.000	0.000	1.875	31.125
25	1	0	1	0	0	198	0	0.439	0.000	0.000	24.794	0.000	0.000	1.500	33.000
26	1	2	2	0	0	0	0	0.000	0.000	0.000	0.000	0.000	0.000	1.250	34.500
27	1	0	1	0	0	197	0	0.322	0.000	0.000	26.799	0.000	0.000	1.500	35.750
28	1	2	2	0	0	0	0	0.000	0.000	0.000	0.000	0.000	0.000	0.875	37.250
29	1	1	1	1	300	198	0	0.416	0.000	0.000	28.687	0.000	0.302	1.500	38.125
30	1	2	2	0	0	0	0	0.000	0.000	0.000	0.000	0.000	0.000	1.500	39.625
31	1	1	0	2	400	197	0	0.318	0.000	0.000	30.676	0.000	0.000	1.500	41.125
32	1	2	2	0	0	0	0	0.000	0.000	0.000	0.000	0.000	0.000	1.125	42.625
33	1	0	1	0	0	198	0	0.393	0.000	0.000	32.548	0.000	0.000	1.500	43.750
34	1	2	2	0	0	0	0	0.000	0.000	0.000	0.000	0.000	0.000	1.500	45.250
35	1	0	1	0	0	198	0	0.335	0.000	0.000	34.486	0.000	0.000	1.500	46.750
36	1	2	2	0	0	0	0	0.000	0.000	0.000	0.000	0.000	0.000	2.750	48.250
37	1	0	0	0	0	197	0	0.468	0.000	0.000	36.375	0.000	0.000	1.500	51.000
38	1	2	2	0	0	0	0	0.000	0.000	0.000	0.000	0.000	0.000	1.750	52.500
39	1	1	1	1	250	197	0	0.332	0.000	0.000	38.413	0.000	0.253	1.500	54.250
40	1	2	2	0	0	0	0	0.000	0.000	0.000	0.000	0.000	0.000	0.625	55.750
41	1	1	0	2	350	197	0	0.501	0.000	0.000	40.302	0.000	0.353	1.500	56.375
42	1	2	2	0	0	0	0	0.000	0.000	0.000	0.000	0.000	0.000	1.000	57.875
43	1	0	0	0	0	197	0	0.385	0.000	0.000	42.374	0.000	0.000	1.500	58.875
44	1	2	2	0	0	0	0	0.000	0.000	0.000	0.000	0.000	0.000	0.625	60.375
45	1	0	1	0	0	198	0	0.598	0.000	0.000	44.312	0.000	0.000	1.500	61.000
46	1	2	2	0	0	0	0	0.000	0.000	0.000	0.000	0.000	0.000	0.875	62.500
47	1	0	0	0	0	197	0	0.436	0.000	0.000	46.468	0.000	0.000	1.500	63.375
48	1	2	2	0	0	0	0	0.000	0.000	0.000	0.000	0.000	0.000	0.750	64.875
49	1	0	0	0	0	197	0	0.401	0.000	0.000	48.457	0.000	0.000	1.500	65.625
50	1	2	2	0	0	0	0	0.000	0.000	0.000	0.000	0.000	0.000	1.375	67.125
51	1	0	0	0	0	197	0	0.409	0.000	0.000	50.412	0.000	0.000	1.500	68.500
52	1	2	2	0	0	0	0	0.000	0.000	0.000	0.000	0.000	0.000	1.000	70.000
53	1	0	1	0	0	198	0	0.397	0.000	0.000	52.384	0.000	0.000	1.500	71.000
54	1	2	2	0	0	0	0	0.000	0.000	0.000	0.000	0.000	0.000	0.875	72.500
55	1	0	1	0	0	198	0	0.384	0.000	0.000	54.322	0.000	0.000	1.500	73.375
56	1	2	2	0	0	0	0	0.000	0.000	0.000	0.000	0.000	0.000	1.000	74.875
57	1	0	0	0	0	197	0	0.342	0.000	0.000	56.261	0.000	0.000	1.500	75.875
58	1	2	2	0	0	0	0	0.000	0.000	0.000	0.000	0.000	0.000	1.375	77.375
59	1	0	1	0	0	198	0	0.418	0.000	0.000	58.149	0.000	0.000	1.500	78.750
60	1	2	2	0	0	0	0	0.000	0.000	0.000	0.000	0.000	0.000	2.125	80.250
61	1	1	0	2	300	0	0	0.000	0.000	0.000	60.138	0.000	0.301	1.500	82.375
62	1	2	2	0	0	0	0	0.000	0.000	0.000	0.000	0.000	0.000	1.500	83.875
63	1	1	1	1	200	0	0	0.000	0.000	0.000	62.678	0.000	0.201	1.500	85.375
64	1	2	2	0	0	0	0	0.000	0.000	0.000	0.000	0.000	0.000	2.125	86.875
65	1	0	1	0	0	198	0	0.624	0.000	0.000	65.235	0.000	0.000	1.500	89.000
66	1	2	2	0	0	0	0	0.000	0.000	0.000	0.000	0.000	0.000	0.875	90.500
67	1	1	0	2	350	197	0	0.379	0.000	0.000	67.407	0.000	0.352	1.500	91.375
68	1	2	2	0	0	0	0	0.000	0.000	0.000	0.000	0.000	0.000	0.625	92.875
69	1	0	0	0	0	197	0	0.609	0.000	0.000	69.363	0.000	0.000	1.500	93.500
70	1	2	2	0	0	0	0	0.000	0.000	0.000	0.000	0.000	0.000	0.625	95.000
71	1	1	1	1	250	0	0	0.000	0.000	0.000	71.518	0.000	0.251	1.500	95.625
72	1	2	2	0	0	0	0	0.000	0.000	0.000	0.000	0.000	0.000	1.375	97.125
73	1	0	0	0	0	197	0	0.551	0.000	0.000	74.058	0.000	0.000	1.500	98.500
74	1	2	2	0	0	0	0	0.000	0.000	0.000	0.000	0.000	0.000	2.125	100.000
75	1	0	1	0	0	197	0	0.793	0.000	0.000	76.164	0.000	0.000	1.500	102.125
76	1	2	2	0	0	0	0	0.000	0.000	0.000	0.000	0.000	0.000	0.875	103.625
77	1	0	0	0	0	197	0	0.522	0.000	0.000	78.520	0.000	0.000	1.500	104.500
78	1	2	2	0	0	0	0	0.000	0.000	0.000	0.000	0.000	0.000	0.625	106.000
79	1	0	1	0	0	198	0	0.389	0.000	0.000	80.593	0.000	0.000	1.500	106.625
80	1	2	2	0	0	0	0	0.000	0.000	0.000	0.000	0.000	0.000	1.250	108.125
81	1	0	0	0	0	197	0	0.421	0.000	0.000	82.548	0.000	0.000	1.500	109.375
82	1	2	2	0	0	0	0	0.000	0.000	0.000	0.000	0.000	0.000	1.000	110.875
83	1	0	1	0	0	198	0	0.443	0.000	0.000	84.520	0.000	0.000	1.500	111.875
84	1	2	2	0	0	0	0	0.000	0.000	0.000	0.000	0.000	0.000	0.625	113.375
85	1	0	0	0	0	198	0	0.377	0.000	0.000	86.525	0.000	0.000	1.500	114.000
86	1	2	2	0	0	0	0	0.000	0.000	0.000	0.000	0.000	0.000	2.500	115.500
87	1	0	0	0	0	198	0	0.500	0.000	0.000	88.447	0.000	0.000	1.500	118.000
88	1	2	2	0	0	0	0	0.000	0.000	0.000	0.000	0.000	0.000	2.125	119.500
89	1	0	1	0	0	198	0	0.513	0.000	0.000	90.502	0.000	0.000	1.500	121.625
90	1	2	2	0	0	0	0	0.000	0.000	0.000	0.000	0.000	0.000	1.000	123.125
91	1	0	1	0	0	8	0	0.045	0.000	0.000	92.558	0.000	0.000	1.500	124.125
92	1	2	2	0	0	0	0	0.000	0.000	0.000	0.000	0.000	0.000	0.625	125.625
93	1	1	1	2	300	8	0	0.762	0.000	0.000	94.145	0.000	0.302	1.500	126.250
94	1	2	2	0	0	0	0	0.000	0.000	0.000	0.000	0.000	0.000	2.000	127.750
95	1	1	0	1	300	8	0	0.002	0.000	0.000	96.452	0.000	0.000	1.500	129.750
96	1	2	2	0	0	0	0	0.000	0.000	0.000	0.000	0.000	0.000	0.625	131.250
97	1	0	0	0	0	8	0	0.002	0.000	0.000	98.006	0.000	0.000	1.500	131.875
98	1	2	2	0	0	0	0	0.000	0.000	0.000	0.000	0.000	0.000	1.375	133.375
